<?xml version="1.0" encoding="UTF-8"?>
<testsuite name="com.elice.bookstore.BookStoreApplicationTests" tests="1" skipped="0" failures="0" errors="0" timestamp="2024-03-28T17:49:14" hostname="ihayeong-ui-MacBookPro.local" time="0.421">
  <properties/>
  <testcase name="contextLoads()" classname="com.elice.bookstore.BookStoreApplicationTests" time="0.421"/>
  <system-out><![CDATA[02:49:12.361 [Test worker] INFO org.springframework.test.context.support.AnnotationConfigContextLoaderUtils -- Could not detect default configuration classes for test class [com.elice.bookstore.BookStoreApplicationTests]: BookStoreApplicationTests does not declare any static, non-private, non-final, nested classes annotated with @Configuration.
02:49:12.405 [Test worker] INFO org.springframework.boot.test.context.SpringBootTestContextBootstrapper -- Found @SpringBootConfiguration com.elice.bookstore.BookStoreApplication for test class com.elice.bookstore.BookStoreApplicationTests

  .   ____          _            __ _ _
 /\\ / ___'_ __ _ _(_)_ __  __ _ \ \ \ \
( ( )\___ | '_ | '_| | '_ \/ _` | \ \ \ \
 \\/  ___)| |_)| | | | | || (_| |  ) ) ) )
  '  |____| .__|_| |_|_| |_\__, | / / / /
 =========|_|==============|___/=/_/_/_/
 :: Spring Boot ::                (v3.2.4)

2024-03-29T02:49:12.586+09:00  INFO 44569 --- [    Test worker] c.e.bookstore.BookStoreApplicationTests  : Starting BookStoreApplicationTests using Java 17.0.10 with PID 44569 (started by ihayeong in /Users/ihayeong/InteliJ-workspace/bookstory)
2024-03-29T02:49:12.586+09:00  INFO 44569 --- [    Test worker] c.e.bookstore.BookStoreApplicationTests  : No active profile set, falling back to 1 default profile: "default"
2024-03-29T02:49:12.916+09:00  INFO 44569 --- [    Test worker] .s.d.r.c.RepositoryConfigurationDelegate : Bootstrapping Spring Data JPA repositories in DEFAULT mode.
2024-03-29T02:49:12.929+09:00  INFO 44569 --- [    Test worker] .s.d.r.c.RepositoryConfigurationDelegate : Finished Spring Data repository scanning in 10 ms. Found 0 JPA repository interfaces.
2024-03-29T02:49:13.117+09:00  INFO 44569 --- [    Test worker] o.hibernate.jpa.internal.util.LogHelper  : HHH000204: Processing PersistenceUnitInfo [name: default]
2024-03-29T02:49:13.137+09:00  INFO 44569 --- [    Test worker] org.hibernate.Version                    : HHH000412: Hibernate ORM core version 6.4.4.Final
2024-03-29T02:49:13.151+09:00  INFO 44569 --- [    Test worker] o.h.c.internal.RegionFactoryInitiator    : HHH000026: Second-level cache disabled
2024-03-29T02:49:13.248+09:00  INFO 44569 --- [    Test worker] o.s.o.j.p.SpringPersistenceUnitInfo      : No LoadTimeWeaver setup: ignoring JPA class transformer
2024-03-29T02:49:13.260+09:00  INFO 44569 --- [    Test worker] com.zaxxer.hikari.HikariDataSource       : HikariPool-1 - Starting...
2024-03-29T02:49:13.478+09:00  INFO 44569 --- [    Test worker] com.zaxxer.hikari.pool.HikariPool        : HikariPool-1 - Added connection com.mysql.cj.jdbc.ConnectionImpl@35536760
2024-03-29T02:49:13.479+09:00  INFO 44569 --- [    Test worker] com.zaxxer.hikari.HikariDataSource       : HikariPool-1 - Start completed.
2024-03-29T02:49:14.010+09:00  INFO 44569 --- [    Test worker] o.h.e.t.j.p.i.JtaPlatformInitiator       : HHH000489: No JTA platform available (set 'hibernate.transaction.jta.platform' to enable JTA platform integration)
2024-03-29T02:49:14.121+09:00  INFO 44569 --- [    Test worker] j.LocalContainerEntityManagerFactoryBean : Initialized JPA EntityManagerFactory for persistence unit 'default'
2024-03-29T02:49:14.256+09:00  WARN 44569 --- [    Test worker] JpaBaseConfiguration$JpaWebConfiguration : spring.jpa.open-in-view is enabled by default. Therefore, database queries may be performed during view rendering. Explicitly configure spring.jpa.open-in-view to disable this warning
2024-03-29T02:49:14.270+09:00  INFO 44569 --- [    Test worker] o.s.b.a.w.s.WelcomePageHandlerMapping    : Adding welcome page: class path resource [static/index.html]
2024-03-29T02:49:14.514+09:00  WARN 44569 --- [    Test worker] ion$DefaultTemplateResolverConfiguration : Cannot find template location: classpath:/templates/ (please add some templates, check your Thymeleaf configuration, or set spring.thymeleaf.check-template-location=false)
2024-03-29T02:49:14.680+09:00  INFO 44569 --- [    Test worker] c.e.bookstore.BookStoreApplicationTests  : Started BookStoreApplicationTests in 2.189 seconds (process running for 2.721)
]]></system-out>
  <system-err><![CDATA[]]></system-err>
</testsuite>
